git init
git add .
git status
git commit -m "First Commit :tada:"
touch secret.json
echo "secret.json" >> .gitignore
git add .
git commit -m "Add secret.json to .gitignore"
git log
git remote
git remote add origin https://github.com/StrangeAJ/Git-Practice.git
git add .
git commit -m "Add remote origin :rocket:"
git remote show origin
git remote -v
git push
git push origin master
# made change in Github to the README.md file
git fetch
git add .
git commit -m "Pushed the files to GitHub and made changes in Github :rocket:"
git fetch
git merge origin/master
git add .
git commit -m "pushing the changes from local to Github :bookmark:"
git push origin master -u
# Made changes from Github
git add .
git commit -m "committing local changes to Github :bookmark: before pulling"
git pull origin master
git clone https://github.com/StrangeAJ/IDK.git JUST-CLONED
git add .
git commit -m "Merge fixed :grinning_face_with_sweat:"
git push
cd JUST-CLONED
git log
cd ..
git log
cd JUST-CLONED
echo "This is a new file" >> newFile.txt
git add .
git commit -m "Add newFile.txt :tada:"
git push origin main
cd ..
git add .
git commit -m "Merge fixed and Commiting :warning: before going to start new branches "
git push
git branch
git branch -M main
git branch
git add .
git commit -m "Renamed the branch to main :saluting_face:"
git branch awesome
git branch
git branch -d awesome
git status
git add .
git commit -m "Deleted the awesome branch :fire: & making the tree clean :deciduous_tree:"
git checkout main
git add .
git commit -m "Switched to main branch ::envelope_with_arrow:"
git checkout -
git merge
git commit -am "Merged conflict incoming :warning:"
git checkout -b awesome
git commit -am "updated the README.md"
git diff
git merge --abort
git merge branch
git add .
git commit -m "Merged the branch :fire:"
git push
touch bad.md
echo "File in bad commit." >> bad.md
git commit -am "bad commit"
git log
git reset 79b11f83fd716ae1a9c38672a7695aac243da19e
git log
git reset --hard 79b11f83fd716ae1a9c38672a7695aac243da19e
git log
git revert 75ac47445b9c4cc48016bd8abdd708159ea8da33
git add bad.md
git commit -m "bad commit"
git rm bad.md
git commmit --amend -am "better commit"
rm secret.json
git commit --amend  -a --no-edit
git log
git commit -am "Clean tree :palm_tree:"
touch post.md
echo "This is experimental post. Might add it in a stash for a while" >> post.md
git add .
git stash
git stash pop
git stash save post1
git stash list
git stash apply 0
git add .
git commit -m "Preparing for the rebase :military_medal:"
git checkout -b rebaseBranch
git checkout main
git add .
git commit -m "Switched to main branch :envelope_with_arrow: to rebase"
git checkout rebaseBranch
git rebase main
git rm post.md
git commit -am "removed the post and Updated the Learnings :broom:"
git checkout main
git merge rebaseBranch
git branch -d rebaseBranch
git add .
git commit -m "Merged the rebaseBranch :fire:"
git checkout -b squashLearn
git checkout main
touch upcommingFeatures.md
git add .
echo "This is a new feature that is coming up in the next release" >> upcommingFeatures.md
git commit -am "Added upcommingFeatures.md :tada:"
echo "This is a new feature that is coming up in the next to next release" >> upcommingFeatures.md
git commit -am "Updated upcommingFeatures.md again :fire:"
echo "This is a new feature that is coming up soon" >> upcommingFeatures.md
git commit -am "Updated upcommingFeatures.md again :fire:"
git checkout squashLearn
git rebase -i main
git checkout main
git commit -am "Updated the Learnings :fire:"
git merge squashLearn